# JRE version: Java(TM) SE Runtime Environment (8.0_40-b26) (build 1.8.0_40-b26)
# Java VM: Java HotSpot(TM) 64-Bit Server VM (25.40-b25 mixed mode linux-amd64 compressed oops)
Heap:
 PSYoungGen      total 182272K, used 10464K [0x00000000ec000000, 0x00000000f9e00000, 0x0000000100000000)
  eden space 160256K, 0% used [0x00000000ec000000,0x00000000ec000000,0x00000000f5c80000)
  from space 22016K, 47% used [0x00000000f7300000,0x00000000f7d38340,0x00000000f8880000)
  to   space 18432K, 0% used [0x00000000f8c00000,0x00000000f8c00000,0x00000000f9e00000)
 ParOldGen       total 51712K, used 27961K [0x00000000c4000000, 0x00000000c7280000, 0x00000000ec000000)
  object space 51712K, 54% used [0x00000000c4000000,0x00000000c5b4e650,0x00000000c7280000)
 Metaspace       used 24518K, capacity 24844K, committed 25216K, reserved 1071104K
  class space    used 2837K, capacity 2898K, committed 2944K, reserved 1048576K
GC Heap History (10 events):
Event: 7,390 GC heap after
Heap after GC invocations=7 (full 0):
 PSYoungGen      total 69120K, used 8173K [0x00000000ec000000, 0x00000000f4e00000, 0x0000000100000000)
  eden space 60928K, 0% used [0x00000000ec000000,0x00000000ec000000,0x00000000efb80000)
  from space 8192K, 99% used [0x00000000efb80000,0x00000000f037b6a0,0x00000000f0380000)
  to   space 11776K, 0% used [0x00000000f4280000,0x00000000f4280000,0x00000000f4e00000)
 ParOldGen       total 40960K, used 12096K [0x00000000c4000000, 0x00000000c6800000, 0x00000000ec000000)
  object space 40960K, 29% used [0x00000000c4000000,0x00000000c4bd00b8,0x00000000c6800000)
 Metaspace       used 12806K, capacity 12914K, committed 13056K, reserved 1060864K
  class space    used 1467K, capacity 1503K, committed 1536K, reserved 1048576K
}
Event: 9,140 GC heap before
{Heap before GC invocations=8 (full 0):
 PSYoungGen      total 69120K, used 69101K [0x00000000ec000000, 0x00000000f4e00000, 0x0000000100000000)
  eden space 60928K, 100% used [0x00000000ec000000,0x00000000efb80000,0x00000000efb80000)
  from space 8192K, 99% used [0x00000000efb80000,0x00000000f037b6a0,0x00000000f0380000)
  to   space 11776K, 0% used [0x00000000f4280000,0x00000000f4280000,0x00000000f4e00000)
 ParOldGen       total 40960K, used 12096K [0x00000000c4000000, 0x00000000c6800000, 0x00000000ec000000)
  object space 40960K, 29% used [0x00000000c4000000,0x00000000c4bd00b8,0x00000000c6800000)
 Metaspace       used 15909K, capacity 16100K, committed 16256K, reserved 1062912K
  class space    used 1849K, capacity 1906K, committed 1920K, reserved 1048576K
Event: 9,203 GC heap after
Heap after GC invocations=8 (full 0):
 PSYoungGen      total 130560K, used 11760K [0x00000000ec000000, 0x00000000f5400000, 0x0000000100000000)
  eden space 118784K, 0% used [0x00000000ec000000,0x00000000ec000000,0x00000000f3400000)
  from space 11776K, 99% used [0x00000000f4280000,0x00000000f4dfc110,0x00000000f4e00000)
  to   space 14848K, 0% used [0x00000000f3400000,0x00000000f3400000,0x00000000f4280000)
 ParOldGen       total 40960K, used 14152K [0x00000000c4000000, 0x00000000c6800000, 0x00000000ec000000)
  object space 40960K, 34% used [0x00000000c4000000,0x00000000c4dd2228,0x00000000c6800000)
 Metaspace       used 15909K, capacity 16100K, committed 16256K, reserved 1062912K
  class space    used 1849K, capacity 1906K, committed 1920K, reserved 1048576K
}
Event: 11,624 GC heap before
{Heap before GC invocations=9 (full 0):
 PSYoungGen      total 130560K, used 93866K [0x00000000ec000000, 0x00000000f5400000, 0x0000000100000000)
  eden space 118784K, 69% used [0x00000000ec000000,0x00000000f102e9f8,0x00000000f3400000)
  from space 11776K, 99% used [0x00000000f4280000,0x00000000f4dfc110,0x00000000f4e00000)
  to   space 14848K, 0% used [0x00000000f3400000,0x00000000f3400000,0x00000000f4280000)
 ParOldGen       total 40960K, used 14152K [0x00000000c4000000, 0x00000000c6800000, 0x00000000ec000000)
  object space 40960K, 34% used [0x00000000c4000000,0x00000000c4dd2228,0x00000000c6800000)
 Metaspace       used 20850K, capacity 21048K, committed 21248K, reserved 1069056K
  class space    used 2420K, capacity 2461K, committed 2560K, reserved 1048576K
Event: 11,676 GC heap after
Heap after GC invocations=9 (full 0):
 PSYoungGen      total 133632K, used 14844K [0x00000000ec000000, 0x00000000f9e00000, 0x0000000100000000)
  eden space 118784K, 0% used [0x00000000ec000000,0x00000000ec000000,0x00000000f3400000)
  from space 14848K, 99% used [0x00000000f3400000,0x00000000f427f3e0,0x00000000f4280000)
  to   space 18432K, 0% used [0x00000000f8c00000,0x00000000f8c00000,0x00000000f9e00000)
 ParOldGen       total 40960K, used 17358K [0x00000000c4000000, 0x00000000c6800000, 0x00000000ec000000)
  object space 40960K, 42% used [0x00000000c4000000,0x00000000c50f3830,0x00000000c6800000)
 Metaspace       used 20850K, capacity 21048K, committed 21248K, reserved 1069056K
  class space    used 2420K, capacity 2461K, committed 2560K, reserved 1048576K
}
Event: 11,676 GC heap before
{Heap before GC invocations=10 (full 1):
 PSYoungGen      total 133632K, used 14844K [0x00000000ec000000, 0x00000000f9e00000, 0x0000000100000000)
  eden space 118784K, 0% used [0x00000000ec000000,0x00000000ec000000,0x00000000f3400000)
  from space 14848K, 99% used [0x00000000f3400000,0x00000000f427f3e0,0x00000000f4280000)
  to   space 18432K, 0% used [0x00000000f8c00000,0x00000000f8c00000,0x00000000f9e00000)
 ParOldGen       total 40960K, used 17358K [0x00000000c4000000, 0x00000000c6800000, 0x00000000ec000000)
  object space 40960K, 42% used [0x00000000c4000000,0x00000000c50f3830,0x00000000c6800000)
 Metaspace       used 20850K, capacity 21048K, committed 21248K, reserved 1069056K
  class space    used 2420K, capacity 2461K, committed 2560K, reserved 1048576K
Event: 11,843 GC heap after
Heap after GC invocations=10 (full 1):
 PSYoungGen      total 133632K, used 0K [0x00000000ec000000, 0x00000000f9e00000, 0x0000000100000000)
  eden space 118784K, 0% used [0x00000000ec000000,0x00000000ec000000,0x00000000f3400000)
  from space 14848K, 0% used [0x00000000f3400000,0x00000000f3400000,0x00000000f4280000)
  to   space 18432K, 0% used [0x00000000f8c00000,0x00000000f8c00000,0x00000000f9e00000)
 ParOldGen       total 51712K, used 24160K [0x00000000c4000000, 0x00000000c7280000, 0x00000000ec000000)
  object space 51712K, 46% used [0x00000000c4000000,0x00000000c57983a0,0x00000000c7280000)
 Metaspace       used 20850K, capacity 21048K, committed 21248K, reserved 1069056K
  class space    used 2420K, capacity 2461K, committed 2560K, reserved 1048576K
}
Event: 16,034 GC heap before
{Heap before GC invocations=11 (full 1):
 PSYoungGen      total 133632K, used 118784K [0x00000000ec000000, 0x00000000f9e00000, 0x0000000100000000)
  eden space 118784K, 100% used [0x00000000ec000000,0x00000000f3400000,0x00000000f3400000)
  from space 14848K, 0% used [0x00000000f3400000,0x00000000f3400000,0x00000000f4280000)
  to   space 18432K, 0% used [0x00000000f8c00000,0x00000000f8c00000,0x00000000f9e00000)
 ParOldGen       total 51712K, used 24160K [0x00000000c4000000, 0x00000000c7280000, 0x00000000ec000000)
  object space 51712K, 46% used [0x00000000c4000000,0x00000000c57983a0,0x00000000c7280000)
 Metaspace       used 23857K, capacity 24168K, committed 24448K, reserved 1071104K
  class space    used 2776K, capacity 2828K, committed 2944K, reserved 1048576K
Event: 16,106 GC heap after
Heap after GC invocations=11 (full 1):
 PSYoungGen      total 178688K, used 18431K [0x00000000ec000000, 0x00000000f9e00000, 0x0000000100000000)
  eden space 160256K, 0% used [0x00000000ec000000,0x00000000ec000000,0x00000000f5c80000)
  from space 18432K, 99% used [0x00000000f8c00000,0x00000000f9dffc50,0x00000000f9e00000)
  to   space 22016K, 0% used [0x00000000f7300000,0x00000000f7300000,0x00000000f8880000)
 ParOldGen       total 51712K, used 26255K [0x00000000c4000000, 0x00000000c7280000, 0x00000000ec000000)
  object space 51712K, 50% used [0x00000000c4000000,0x00000000c59a3e60,0x00000000c7280000)
 Metaspace       used 23857K, capacity 24168K, committed 24448K, reserved 1071104K
  class space    used 2776K, capacity 2828K, committed 2944K, reserved 1048576K
}
Event: 150,942 GC heap before
{Heap before GC invocations=12 (full 1):
 PSYoungGen      total 178688K, used 178687K [0x00000000ec000000, 0x00000000f9e00000, 0x0000000100000000)
  eden space 160256K, 100% used [0x00000000ec000000,0x00000000f5c80000,0x00000000f5c80000)
  from space 18432K, 99% used [0x00000000f8c00000,0x00000000f9dffc50,0x00000000f9e00000)
  to   space 22016K, 0% used [0x00000000f7300000,0x00000000f7300000,0x00000000f8880000)
 ParOldGen       total 51712K, used 26255K [0x00000000c4000000, 0x00000000c7280000, 0x00000000ec000000)
  object space 51712K, 50% used [0x00000000c4000000,0x00000000c59a3e60,0x00000000c7280000)
 Metaspace       used 24518K, capacity 24844K, committed 25216K, reserved 1071104K
  class space    used 2837K, capacity 2898K, committed 2944K, reserved 1048576K

